0 info it worked if it ends with ok
1 verbose cli [ '/Users/arun/.nvm/versions/node/v6.4.0/bin/node',
1 verbose cli   '/Users/arun/.nvm/versions/node/v6.4.0/bin/npm',
1 verbose cli   'run',
1 verbose cli   'lint' ]
2 info using npm@3.10.3
3 info using node@v6.4.0
4 verbose run-script [ 'prelint', 'lint', 'postlint' ]
5 info lifecycle webpack-react@1.0.0~prelint: webpack-react@1.0.0
6 silly lifecycle webpack-react@1.0.0~prelint: no script for prelint, continuing
7 info lifecycle webpack-react@1.0.0~lint: webpack-react@1.0.0
8 verbose lifecycle webpack-react@1.0.0~lint: unsafe-perm in lifecycle true
9 verbose lifecycle webpack-react@1.0.0~lint: PATH: /Users/arun/.nvm/versions/node/v6.4.0/lib/node_modules/npm/bin/node-gyp-bin:/Users/arun/Desktop/Challenge/StarterKit/node_modules/.bin:/Users/arun/.nvm/versions/node/v6.4.0/bin:/Users/arun/.nvm/versions/node/v6.4.0/bin:/Users/arun/.rbenv/shims:/usr/local/heroku/bin:/usr/bin:/bin:/usr/sbin:/sbin:/usr/local/bin
10 verbose lifecycle webpack-react@1.0.0~lint: CWD: /Users/arun/Desktop/Challenge/StarterKit
11 silly lifecycle webpack-react@1.0.0~lint: Args: [ '-c', 'jshint .' ]
12 silly lifecycle webpack-react@1.0.0~lint: Returned: code: 2  signal: null
13 info lifecycle webpack-react@1.0.0~lint: Failed to exec lint script
14 verbose stack Error: webpack-react@1.0.0 lint: `jshint .`
14 verbose stack Exit status 2
14 verbose stack     at EventEmitter.<anonymous> (/Users/arun/.nvm/versions/node/v6.4.0/lib/node_modules/npm/lib/utils/lifecycle.js:242:16)
14 verbose stack     at emitTwo (events.js:106:13)
14 verbose stack     at EventEmitter.emit (events.js:191:7)
14 verbose stack     at ChildProcess.<anonymous> (/Users/arun/.nvm/versions/node/v6.4.0/lib/node_modules/npm/lib/utils/spawn.js:40:14)
14 verbose stack     at emitTwo (events.js:106:13)
14 verbose stack     at ChildProcess.emit (events.js:191:7)
14 verbose stack     at maybeClose (internal/child_process.js:852:16)
14 verbose stack     at Process.ChildProcess._handle.onexit (internal/child_process.js:215:5)
15 verbose pkgid webpack-react@1.0.0
16 verbose cwd /Users/arun/Desktop/Challenge/StarterKit
17 error Darwin 15.4.0
18 error argv "/Users/arun/.nvm/versions/node/v6.4.0/bin/node" "/Users/arun/.nvm/versions/node/v6.4.0/bin/npm" "run" "lint"
19 error node v6.4.0
20 error npm  v3.10.3
21 error code ELIFECYCLE
22 error webpack-react@1.0.0 lint: `jshint .`
22 error Exit status 2
23 error Failed at the webpack-react@1.0.0 lint script 'jshint .'.
23 error Make sure you have the latest version of node.js and npm installed.
23 error If you do, this is most likely a problem with the webpack-react package,
23 error not with npm itself.
23 error Tell the author that this fails on your system:
23 error     jshint .
23 error You can get information on how to open an issue for this project with:
23 error     npm bugs webpack-react
23 error Or if that isn't available, you can get their info via:
23 error     npm owner ls webpack-react
23 error There is likely additional logging output above.
24 verbose exit [ 1, true ]
